[debug] [2023-01-28T21:22:50.238Z] ----------------------------------------------------------------------
[debug] [2023-01-28T21:22:50.240Z] Command:       C:\Program Files\nodejs\node.exe C:\Users\Steven\AppData\Roaming\npm\node_modules\firebase-tools\lib\bin\firebase.js init
[debug] [2023-01-28T21:22:50.240Z] CLI Version:   11.17.0
[debug] [2023-01-28T21:22:50.240Z] Platform:      win32
[debug] [2023-01-28T21:22:50.240Z] Node Version:  v16.16.0
[debug] [2023-01-28T21:22:50.241Z] Time:          Sat Jan 28 2023 16:22:50 GMT-0500 (Colombia Standard Time)
[debug] [2023-01-28T21:22:50.241Z] ----------------------------------------------------------------------
[debug] 
[debug] [2023-01-28T21:22:50.316Z] > command requires scopes: ["email","openid","https://www.googleapis.com/auth/cloudplatformprojects.readonly","https://www.googleapis.com/auth/firebase","https://www.googleapis.com/auth/cloud-platform"]
[debug] [2023-01-28T21:22:50.316Z] > authorizing via signed-in user (stevfgc517@gmail.com)
[info] 
     ######## #### ########  ######## ########     ###     ######  ########
     ##        ##  ##     ## ##       ##     ##  ##   ##  ##       ##
     ######    ##  ########  ######   ########  #########  ######  ######
     ##        ##  ##    ##  ##       ##     ## ##     ##       ## ##
     ##       #### ##     ## ######## ########  ##     ##  ######  ########

You're about to initialize a Firebase project in this directory:

  D:\EPN\5S\Tesis\proyecto\tesis nativebase\my-app

Before we get started, keep in mind:

  * You are initializing within an existing Firebase project directory

